# JRE version: Java(TM) SE Runtime Environment (8.0_60-b27) (build 1.8.0_60-b27)
# Java VM: Java HotSpot(TM) 64-Bit Server VM (25.60-b23 mixed mode bsd-amd64 compressed oops)
Heap:
 PSYoungGen      total 278528K, used 116029K [0x00000007aab00000, 0x00000007bcd80000, 0x00000007c0000000)
  eden space 259584K, 44% used [0x00000007aab00000,0x00000007b1c4f748,0x00000007ba880000)
  from space 18944K, 0% used [0x00000007bbb00000,0x00000007bbb00000,0x00000007bcd80000)
  to   space 18944K, 0% used [0x00000007ba880000,0x00000007ba880000,0x00000007bbb00000)
 ParOldGen       total 103936K, used 39035K [0x0000000780000000, 0x0000000786580000, 0x00000007aab00000)
  object space 103936K, 37% used [0x0000000780000000,0x000000078261ec90,0x0000000786580000)
 Metaspace       used 54372K, capacity 56561K, committed 57896K, reserved 1099776K
  class space    used 7213K, capacity 7613K, committed 7976K, reserved 1048576K
GC Heap History (10 events):
Event: 675.658 GC heap before
{Heap before GC invocations=18 (full 4):
 PSYoungGen      total 188416K, used 154222K [0x00000007aab00000, 0x00000007ba000000, 0x00000007c0000000)
  eden space 169472K, 88% used [0x00000007aab00000,0x00000007b3cac550,0x00000007b5080000)
  from space 18944K, 26% used [0x00000007b5080000,0x00000007b556f438,0x00000007b6300000)
  to   space 18432K, 0% used [0x00000007b8e00000,0x00000007b8e00000,0x00000007ba000000)
 ParOldGen       total 103936K, used 35259K [0x0000000780000000, 0x0000000786580000, 0x00000007aab00000)
  object space 103936K, 33% used [0x0000000780000000,0x000000078226ed28,0x0000000786580000)
 Metaspace       used 54132K, capacity 56427K, committed 56616K, reserved 1097728K
  class space    used 7357K, capacity 7891K, committed 7976K, reserved 1048576K
Event: 675.681 GC heap after
Heap after GC invocations=18 (full 4):
 PSYoungGen      total 230912K, used 15069K [0x00000007aab00000, 0x00000007ba300000, 0x00000007c0000000)
  eden space 212480K, 0% used [0x00000007aab00000,0x00000007aab00000,0x00000007b7a80000)
  from space 18432K, 81% used [0x00000007b8e00000,0x00000007b9cb7618,0x00000007ba000000)
  to   space 19968K, 0% used [0x00000007b7a80000,0x00000007b7a80000,0x00000007b8e00000)
 ParOldGen       total 103936K, used 35267K [0x0000000780000000, 0x0000000786580000, 0x00000007aab00000)
  object space 103936K, 33% used [0x0000000780000000,0x0000000782270d28,0x0000000786580000)
 Metaspace       used 54132K, capacity 56427K, committed 56616K, reserved 1097728K
  class space    used 7357K, capacity 7891K, committed 7976K, reserved 1048576K
}
Event: 675.681 GC heap before
{Heap before GC invocations=19 (full 5):
 PSYoungGen      total 230912K, used 15069K [0x00000007aab00000, 0x00000007ba300000, 0x00000007c0000000)
  eden space 212480K, 0% used [0x00000007aab00000,0x00000007aab00000,0x00000007b7a80000)
  from space 18432K, 81% used [0x00000007b8e00000,0x00000007b9cb7618,0x00000007ba000000)
  to   space 19968K, 0% used [0x00000007b7a80000,0x00000007b7a80000,0x00000007b8e00000)
 ParOldGen       total 103936K, used 35267K [0x0000000780000000, 0x0000000786580000, 0x00000007aab00000)
  object space 103936K, 33% used [0x0000000780000000,0x0000000782270d28,0x0000000786580000)
 Metaspace       used 54132K, capacity 56427K, committed 56616K, reserved 1097728K
  class space    used 7357K, capacity 7891K, committed 7976K, reserved 1048576K
Event: 676.092 GC heap after
Heap after GC invocations=19 (full 5):
 PSYoungGen      total 230912K, used 0K [0x00000007aab00000, 0x00000007ba300000, 0x00000007c0000000)
  eden space 212480K, 0% used [0x00000007aab00000,0x00000007aab00000,0x00000007b7a80000)
  from space 18432K, 0% used [0x00000007b8e00000,0x00000007b8e00000,0x00000007ba000000)
  to   space 19968K, 0% used [0x00000007b7a80000,0x00000007b7a80000,0x00000007b8e00000)
 ParOldGen       total 103936K, used 48680K [0x0000000780000000, 0x0000000786580000, 0x00000007aab00000)
  object space 103936K, 46% used [0x0000000780000000,0x0000000782f8a388,0x0000000786580000)
 Metaspace       used 54113K, capacity 56405K, committed 56616K, reserved 1097728K
  class space    used 7351K, capacity 7885K, committed 7976K, reserved 1048576K
}
Event: 1907.542 GC heap before
{Heap before GC invocations=20 (full 5):
 PSYoungGen      total 230912K, used 212480K [0x00000007aab00000, 0x00000007ba300000, 0x00000007c0000000)
  eden space 212480K, 100% used [0x00000007aab00000,0x00000007b7a80000,0x00000007b7a80000)
  from space 18432K, 0% used [0x00000007b8e00000,0x00000007b8e00000,0x00000007ba000000)
  to   space 19968K, 0% used [0x00000007b7a80000,0x00000007b7a80000,0x00000007b8e00000)
 ParOldGen       total 103936K, used 48680K [0x0000000780000000, 0x0000000786580000, 0x00000007aab00000)
  object space 103936K, 46% used [0x0000000780000000,0x0000000782f8a388,0x0000000786580000)
 Metaspace       used 54718K, capacity 57381K, committed 57640K, reserved 1099776K
  class space    used 7408K, capacity 7967K, committed 7976K, reserved 1048576K
Event: 1907.553 GC heap after
Heap after GC invocations=20 (full 5):
 PSYoungGen      total 232448K, used 7733K [0x00000007aab00000, 0x00000007bcd80000, 0x00000007c0000000)
  eden space 212480K, 0% used [0x00000007aab00000,0x00000007aab00000,0x00000007b7a80000)
  from space 19968K, 38% used [0x00000007b7a80000,0x00000007b820d448,0x00000007b8e00000)
  to   space 18944K, 0% used [0x00000007bbb00000,0x00000007bbb00000,0x00000007bcd80000)
 ParOldGen       total 103936K, used 48688K [0x0000000780000000, 0x0000000786580000, 0x00000007aab00000)
  object space 103936K, 46% used [0x0000000780000000,0x0000000782f8c388,0x0000000786580000)
 Metaspace       used 54718K, capacity 57381K, committed 57640K, reserved 1099776K
  class space    used 7408K, capacity 7967K, committed 7976K, reserved 1048576K
}
Event: 1914.085 GC heap before
{Heap before GC invocations=21 (full 5):
 PSYoungGen      total 232448K, used 115698K [0x00000007aab00000, 0x00000007bcd80000, 0x00000007c0000000)
  eden space 212480K, 50% used [0x00000007aab00000,0x00000007b146f7a8,0x00000007b7a80000)
  from space 19968K, 38% used [0x00000007b7a80000,0x00000007b820d448,0x00000007b8e00000)
  to   space 18944K, 0% used [0x00000007bbb00000,0x00000007bbb00000,0x00000007bcd80000)
 ParOldGen       total 103936K, used 48688K [0x0000000780000000, 0x0000000786580000, 0x00000007aab00000)
  object space 103936K, 46% used [0x0000000780000000,0x0000000782f8c388,0x0000000786580000)
 Metaspace       used 55083K, capacity 57743K, committed 57896K, reserved 1099776K
  class space    used 7417K, capacity 7974K, committed 7976K, reserved 1048576K
Event: 1914.090 GC heap after
Heap after GC invocations=21 (full 5):
 PSYoungGen      total 278528K, used 3383K [0x00000007aab00000, 0x00000007bcd80000, 0x00000007c0000000)
  eden space 259584K, 0% used [0x00000007aab00000,0x00000007aab00000,0x00000007ba880000)
  from space 18944K, 17% used [0x00000007bbb00000,0x00000007bbe4de40,0x00000007bcd80000)
  to   space 18944K, 0% used [0x00000007ba880000,0x00000007ba880000,0x00000007bbb00000)
 ParOldGen       total 103936K, used 48696K [0x0000000780000000, 0x0000000786580000, 0x00000007aab00000)
  object space 103936K, 46% used [0x0000000780000000,0x0000000782f8e388,0x0000000786580000)
 Metaspace       used 55083K, capacity 57743K, committed 57896K, reserved 1099776K
  class space    used 7417K, capacity 7974K, committed 7976K, reserved 1048576K
}
Event: 1914.090 GC heap before
{Heap before GC invocations=22 (full 6):
 PSYoungGen      total 278528K, used 3383K [0x00000007aab00000, 0x00000007bcd80000, 0x00000007c0000000)
  eden space 259584K, 0% used [0x00000007aab00000,0x00000007aab00000,0x00000007ba880000)
  from space 18944K, 17% used [0x00000007bbb00000,0x00000007bbe4de40,0x00000007bcd80000)
  to   space 18944K, 0% used [0x00000007ba880000,0x00000007ba880000,0x00000007bbb00000)
 ParOldGen       total 103936K, used 48696K [0x0000000780000000, 0x0000000786580000, 0x00000007aab00000)
  object space 103936K, 46% used [0x0000000780000000,0x0000000782f8e388,0x0000000786580000)
 Metaspace       used 55083K, capacity 57743K, committed 57896K, reserved 1099776K
  class space    used 7417K, capacity 7974K, committed 7976K, reserved 1048576K
Event: 1914.332 GC heap after
Heap after GC invocations=22 (full 6):
 PSYoungGen      total 278528K, used 0K [0x00000007aab00000, 0x00000007bcd80000, 0x00000007c0000000)
  eden space 259584K, 0% used [0x00000007aab00000,0x00000007aab00000,0x00000007ba880000)
  from space 18944K, 0% used [0x00000007bbb00000,0x00000007bbb00000,0x00000007bcd80000)
  to   space 18944K, 0% used [0x00000007ba880000,0x00000007ba880000,0x00000007bbb00000)
 ParOldGen       total 103936K, used 39035K [0x0000000780000000, 0x0000000786580000, 0x00000007aab00000)
  object space 103936K, 37% used [0x0000000780000000,0x000000078261ec90,0x0000000786580000)
 Metaspace       used 53911K, capacity 55917K, committed 57896K, reserved 1099776K
  class space    used 7154K, capacity 7508K, committed 7976K, reserved 1048576K
}

